{"C:\\Users\\guiss\\Documents\\Projects\\ClimaApp\\App.tsx": {"path":"C:\\Users\\guiss\\Documents\\Projects\\ClimaApp\\App.tsx","statementMap":{"0":{"start":{"line":4,"column":26},"end":{"line":6,"column":1}},"1":{"start":{"line":5,"column":2},"end":{"line":5,"column":25}},"2":{"start":{"line":9,"column":2},"end":{"line":13,"column":4}},"3":{"start":{"line":16,"column":15},"end":{"line":23,"column":2}}},"fnMap":{"0":{"name":"(anonymous_0)","decl":{"start":{"line":4,"column":26},"end":{"line":4,"column":27}},"loc":{"start":{"line":5,"column":2},"end":{"line":5,"column":25}},"line":5},"1":{"name":"HomeScreen","decl":{"start":{"line":8,"column":24},"end":{"line":8,"column":34}},"loc":{"start":{"line":8,"column":37},"end":{"line":14,"column":1}},"line":8}},"branchMap":{},"s":{"0":1,"1":1,"2":1,"3":1},"f":{"0":1,"1":1},"b":{},"_coverageSchema":"1a1c01bbd47fc00a2c39e90264f33305004495a9","hash":"6b8d848e35faa7a6dd13e08a2385f73b5da2d61e"}
,"C:\\Users\\guiss\\Documents\\Projects\\ClimaApp\\index.ts": {"path":"C:\\Users\\guiss\\Documents\\Projects\\ClimaApp\\index.ts","statementMap":{"0":{"start":{"line":8,"column":0},"end":{"line":8,"column":27}}},"fnMap":{},"branchMap":{},"s":{"0":0},"f":{},"b":{}}
,"C:\\Users\\guiss\\Documents\\Projects\\ClimaApp\\nativewind-env.d.ts": {"path":"C:\\Users\\guiss\\Documents\\Projects\\ClimaApp\\nativewind-env.d.ts","statementMap":{},"fnMap":{},"branchMap":{},"s":{},"f":{},"b":{}}
,"C:\\Users\\guiss\\Documents\\Projects\\ClimaApp\\app\\_layout.tsx": {"path":"C:\\Users\\guiss\\Documents\\Projects\\ClimaApp\\app\\_layout.tsx","statementMap":{"0":{"start":{"line":5,"column":2},"end":{"line":12,"column":4}}},"fnMap":{"0":{"name":"Layout","decl":{"start":{"line":4,"column":24},"end":{"line":4,"column":30}},"loc":{"start":{"line":4,"column":33},"end":{"line":13,"column":1}},"line":4}},"branchMap":{},"s":{"0":0},"f":{"0":0},"b":{}}
,"C:\\Users\\guiss\\Documents\\Projects\\ClimaApp\\app\\index.tsx": {"path":"C:\\Users\\guiss\\Documents\\Projects\\ClimaApp\\app\\index.tsx","statementMap":{"0":{"start":{"line":24,"column":40},"end":{"line":24,"column":52}},"1":{"start":{"line":25,"column":40},"end":{"line":25,"column":62}},"2":{"start":{"line":26,"column":32},"end":{"line":26,"column":62}},"3":{"start":{"line":27,"column":34},"end":{"line":27,"column":54}},"4":{"start":{"line":28,"column":42},"end":{"line":28,"column":59}},"5":{"start":{"line":29,"column":34},"end":{"line":29,"column":60}},"6":{"start":{"line":31,"column":2},"end":{"line":33,"column":9}},"7":{"start":{"line":32,"column":4},"end":{"line":32,"column":44}},"8":{"start":{"line":35,"column":2},"end":{"line":47,"column":9}},"9":{"start":{"line":37,"column":23},"end":{"line":37,"column":73}},"10":{"start":{"line":38,"column":6},"end":{"line":41,"column":7}},"11":{"start":{"line":39,"column":8},"end":{"line":39,"column":64}},"12":{"start":{"line":40,"column":8},"end":{"line":40,"column":15}},"13":{"start":{"line":42,"column":21},"end":{"line":42,"column":63}},"14":{"start":{"line":43,"column":38},"end":{"line":43,"column":53}},"15":{"start":{"line":44,"column":6},"end":{"line":44,"column":46}},"16":{"start":{"line":46,"column":4},"end":{"line":46,"column":25}},"17":{"start":{"line":49,"column":23},"end":{"line":64,"column":3}},"18":{"start":{"line":50,"column":4},"end":{"line":50,"column":26}},"19":{"start":{"line":51,"column":4},"end":{"line":54,"column":5}},"20":{"start":{"line":52,"column":6},"end":{"line":52,"column":25}},"21":{"start":{"line":53,"column":6},"end":{"line":53,"column":13}},"22":{"start":{"line":56,"column":4},"end":{"line":63,"column":5}},"23":{"start":{"line":57,"column":28},"end":{"line":57,"column":67}},"24":{"start":{"line":58,"column":27},"end":{"line":58,"column":56}},"25":{"start":{"line":58,"column":46},"end":{"line":58,"column":55}},"26":{"start":{"line":59,"column":6},"end":{"line":59,"column":35}},"27":{"start":{"line":61,"column":6},"end":{"line":61,"column":71}},"28":{"start":{"line":62,"column":6},"end":{"line":62,"column":25}},"29":{"start":{"line":66,"column":33},"end":{"line":83,"column":3}},"30":{"start":{"line":67,"column":4},"end":{"line":67,"column":25}},"31":{"start":{"line":68,"column":4},"end":{"line":68,"column":23}},"32":{"start":{"line":70,"column":4},"end":{"line":82,"column":5}},"33":{"start":{"line":71,"column":27},"end":{"line":71,"column":57}},"34":{"start":{"line":72,"column":26},"end":{"line":72,"column":55}},"35":{"start":{"line":73,"column":6},"end":{"line":73,"column":30}},"36":{"start":{"line":74,"column":6},"end":{"line":74,"column":57}},"37":{"start":{"line":76,"column":6},"end":{"line":79,"column":9}},"38":{"start":{"line":77,"column":21},"end":{"line":77,"column":61}},"39":{"start":{"line":78,"column":8},"end":{"line":78,"column":41}},"40":{"start":{"line":81,"column":6},"end":{"line":81,"column":59}},"41":{"start":{"line":85,"column":25},"end":{"line":85,"column":69}},"42":{"start":{"line":87,"column":30},"end":{"line":98,"column":3}},"43":{"start":{"line":88,"column":4},"end":{"line":90,"column":5}},"44":{"start":{"line":89,"column":6},"end":{"line":89,"column":16}},"45":{"start":{"line":91,"column":4},"end":{"line":97,"column":8}},"46":{"start":{"line":91,"column":51},"end":{"line":97,"column":5}},"47":{"start":{"line":100,"column":2},"end":{"line":142,"column":4}}},"fnMap":{"0":{"name":"Page","decl":{"start":{"line":23,"column":24},"end":{"line":23,"column":28}},"loc":{"start":{"line":23,"column":31},"end":{"line":143,"column":1}},"line":23},"1":{"name":"(anonymous_1)","decl":{"start":{"line":31,"column":12},"end":{"line":31,"column":13}},"loc":{"start":{"line":31,"column":18},"end":{"line":33,"column":3}},"line":31},"2":{"name":"(anonymous_2)","decl":{"start":{"line":35,"column":12},"end":{"line":35,"column":13}},"loc":{"start":{"line":35,"column":18},"end":{"line":47,"column":3}},"line":35},"3":{"name":"getCurrentLocation","decl":{"start":{"line":36,"column":19},"end":{"line":36,"column":37}},"loc":{"start":{"line":36,"column":40},"end":{"line":45,"column":5}},"line":36},"4":{"name":"(anonymous_4)","decl":{"start":{"line":49,"column":23},"end":{"line":49,"column":24}},"loc":{"start":{"line":49,"column":48},"end":{"line":64,"column":3}},"line":49},"5":{"name":"(anonymous_5)","decl":{"start":{"line":58,"column":36},"end":{"line":58,"column":37}},"loc":{"start":{"line":58,"column":46},"end":{"line":58,"column":55}},"line":58},"6":{"name":"(anonymous_6)","decl":{"start":{"line":66,"column":33},"end":{"line":66,"column":34}},"loc":{"start":{"line":66,"column":57},"end":{"line":83,"column":3}},"line":66},"7":{"name":"(anonymous_7)","decl":{"start":{"line":76,"column":18},"end":{"line":76,"column":19}},"loc":{"start":{"line":76,"column":28},"end":{"line":79,"column":7}},"line":76},"8":{"name":"(anonymous_8)","decl":{"start":{"line":87,"column":30},"end":{"line":87,"column":31}},"loc":{"start":{"line":87,"column":65},"end":{"line":98,"column":3}},"line":87},"9":{"name":"(anonymous_9)","decl":{"start":{"line":91,"column":36},"end":{"line":91,"column":37}},"loc":{"start":{"line":91,"column":51},"end":{"line":97,"column":5}},"line":91}},"branchMap":{"0":{"loc":{"start":{"line":38,"column":6},"end":{"line":41,"column":7}},"type":"if","locations":[{"start":{"line":38,"column":6},"end":{"line":41,"column":7}},{"start":{},"end":{}}],"line":38},"1":{"loc":{"start":{"line":51,"column":4},"end":{"line":54,"column":5}},"type":"if","locations":[{"start":{"line":51,"column":4},"end":{"line":54,"column":5}},{"start":{},"end":{}}],"line":51},"2":{"loc":{"start":{"line":88,"column":4},"end":{"line":90,"column":5}},"type":"if","locations":[{"start":{"line":88,"column":4},"end":{"line":90,"column":5}},{"start":{},"end":{}}],"line":88},"3":{"loc":{"start":{"line":117,"column":15},"end":{"line":123,"column":15}},"type":"binary-expr","locations":[{"start":{"line":117,"column":15},"end":{"line":117,"column":37}},{"start":{"line":118,"column":16},"end":{"line":122,"column":18}}],"line":117}},"s":{"0":9,"1":8,"2":8,"3":8,"4":4,"5":4,"6":4,"7":2,"8":4,"9":2,"10":2,"11":0,"12":0,"13":2,"14":2,"15":2,"16":2,"17":4,"18":0,"19":0,"20":0,"21":0,"22":0,"23":0,"24":0,"25":0,"26":0,"27":0,"28":0,"29":4,"30":2,"31":2,"32":2,"33":2,"34":2,"35":2,"36":2,"37":2,"38":4,"39":0,"40":0,"41":4,"42":4,"43":2,"44":2,"45":0,"46":0,"47":4},"f":{"0":9,"1":2,"2":2,"3":2,"4":0,"5":0,"6":2,"7":4,"8":2,"9":0},"b":{"0":[0,2],"1":[0,0],"2":[2,0],"3":[4,0]},"_coverageSchema":"1a1c01bbd47fc00a2c39e90264f33305004495a9","hash":"65084f5f057fced0e994aad89d6cca97d0bb7de1"}
,"C:\\Users\\guiss\\Documents\\Projects\\ClimaApp\\components\\atoms\\Icons.tsx": {"path":"C:\\Users\\guiss\\Documents\\Projects\\ClimaApp\\components\\atoms\\Icons.tsx","statementMap":{"0":{"start":{"line":10,"column":37},"end":{"line":12,"column":1}},"1":{"start":{"line":11,"column":2},"end":{"line":11,"column":73}}},"fnMap":{"0":{"name":"(anonymous_0)","decl":{"start":{"line":10,"column":37},"end":{"line":10,"column":38}},"loc":{"start":{"line":10,"column":64},"end":{"line":12,"column":1}},"line":10}},"branchMap":{},"s":{"0":1,"1":2},"f":{"0":2},"b":{},"_coverageSchema":"1a1c01bbd47fc00a2c39e90264f33305004495a9","hash":"a1042fc626e7af5bc406c5a972def7a193d8378b"}
,"C:\\Users\\guiss\\Documents\\Projects\\ClimaApp\\components\\atoms\\InfoIcons.tsx": {"path":"C:\\Users\\guiss\\Documents\\Projects\\ClimaApp\\components\\atoms\\InfoIcons.tsx","statementMap":{"0":{"start":{"line":9,"column":38},"end":{"line":33,"column":1}},"1":{"start":{"line":10,"column":25},"end":{"line":21,"column":3}},"2":{"start":{"line":11,"column":4},"end":{"line":20,"column":5}},"3":{"start":{"line":13,"column":8},"end":{"line":13,"column":54}},"4":{"start":{"line":15,"column":8},"end":{"line":15,"column":53}},"5":{"start":{"line":17,"column":8},"end":{"line":17,"column":54}},"6":{"start":{"line":19,"column":8},"end":{"line":19,"column":54}},"7":{"start":{"line":23,"column":2},"end":{"line":32,"column":4}}},"fnMap":{"0":{"name":"(anonymous_0)","decl":{"start":{"line":9,"column":38},"end":{"line":9,"column":39}},"loc":{"start":{"line":9,"column":58},"end":{"line":33,"column":1}},"line":9},"1":{"name":"(anonymous_1)","decl":{"start":{"line":10,"column":25},"end":{"line":10,"column":26}},"loc":{"start":{"line":10,"column":43},"end":{"line":21,"column":3}},"line":10}},"branchMap":{"0":{"loc":{"start":{"line":11,"column":4},"end":{"line":20,"column":5}},"type":"switch","locations":[{"start":{"line":12,"column":6},"end":{"line":13,"column":54}},{"start":{"line":14,"column":6},"end":{"line":15,"column":53}},{"start":{"line":16,"column":6},"end":{"line":17,"column":54}},{"start":{"line":18,"column":6},"end":{"line":19,"column":54}}],"line":11}},"s":{"0":2,"1":14,"2":14,"3":5,"4":4,"5":4,"6":1,"7":14},"f":{"0":14,"1":14},"b":{"0":[5,4,4,1]},"_coverageSchema":"1a1c01bbd47fc00a2c39e90264f33305004495a9","hash":"22e1c51491a6323c9371ecdd7dd4248a4cde39c7"}
,"C:\\Users\\guiss\\Documents\\Projects\\ClimaApp\\components\\atoms\\SearchBar.tsx": {"path":"C:\\Users\\guiss\\Documents\\Projects\\ClimaApp\\components\\atoms\\SearchBar.tsx","statementMap":{"0":{"start":{"line":9,"column":38},"end":{"line":18,"column":1}},"1":{"start":{"line":10,"column":2},"end":{"line":17,"column":4}}},"fnMap":{"0":{"name":"(anonymous_0)","decl":{"start":{"line":9,"column":38},"end":{"line":9,"column":39}},"loc":{"start":{"line":9,"column":75},"end":{"line":18,"column":1}},"line":9}},"branchMap":{},"s":{"0":1,"1":3},"f":{"0":3},"b":{},"_coverageSchema":"1a1c01bbd47fc00a2c39e90264f33305004495a9","hash":"4dd98f7679bbcf799b96f4e1f7ee7d30a6cb774e"}
,"C:\\Users\\guiss\\Documents\\Projects\\ClimaApp\\components\\atoms\\Suggestions.tsx": {"path":"C:\\Users\\guiss\\Documents\\Projects\\ClimaApp\\components\\atoms\\Suggestions.tsx","statementMap":{"0":{"start":{"line":15,"column":48},"end":{"line":32,"column":1}},"1":{"start":{"line":16,"column":2},"end":{"line":31,"column":4}},"2":{"start":{"line":20,"column":39},"end":{"line":20,"column":57}},"3":{"start":{"line":22,"column":10},"end":{"line":27,"column":29}},"4":{"start":{"line":23,"column":27},"end":{"line":23,"column":41}},"5":{"start":{"line":34,"column":15},"end":{"line":50,"column":2}}},"fnMap":{"0":{"name":"(anonymous_0)","decl":{"start":{"line":15,"column":48},"end":{"line":15,"column":49}},"loc":{"start":{"line":15,"column":79},"end":{"line":32,"column":1}},"line":15},"1":{"name":"(anonymous_1)","decl":{"start":{"line":20,"column":22},"end":{"line":20,"column":23}},"loc":{"start":{"line":20,"column":39},"end":{"line":20,"column":57}},"line":20},"2":{"name":"(anonymous_2)","decl":{"start":{"line":21,"column":20},"end":{"line":21,"column":21}},"loc":{"start":{"line":22,"column":10},"end":{"line":27,"column":29}},"line":22},"3":{"name":"(anonymous_3)","decl":{"start":{"line":23,"column":21},"end":{"line":23,"column":22}},"loc":{"start":{"line":23,"column":27},"end":{"line":23,"column":41}},"line":23}},"branchMap":{},"s":{"0":1,"1":3,"2":8,"3":6,"4":1,"5":1},"f":{"0":3,"1":8,"2":6,"3":1},"b":{},"_coverageSchema":"1a1c01bbd47fc00a2c39e90264f33305004495a9","hash":"d1638b9a6953c38000c09a50b4fb8a257e07d216"}
,"C:\\Users\\guiss\\Documents\\Projects\\ClimaApp\\components\\molecules\\Forecast.tsx": {"path":"C:\\Users\\guiss\\Documents\\Projects\\ClimaApp\\components\\molecules\\Forecast.tsx","statementMap":{"0":{"start":{"line":11,"column":36},"end":{"line":50,"column":1}},"1":{"start":{"line":12,"column":2},"end":{"line":49,"column":4}},"2":{"start":{"line":24,"column":10},"end":{"line":45,"column":12}}},"fnMap":{"0":{"name":"(anonymous_0)","decl":{"start":{"line":11,"column":36},"end":{"line":11,"column":37}},"loc":{"start":{"line":11,"column":54},"end":{"line":50,"column":1}},"line":11},"1":{"name":"(anonymous_1)","decl":{"start":{"line":23,"column":23},"end":{"line":23,"column":24}},"loc":{"start":{"line":23,"column":37},"end":{"line":46,"column":9}},"line":23}},"branchMap":{},"s":{"0":1,"1":2,"2":4},"f":{"0":2,"1":4},"b":{},"_coverageSchema":"1a1c01bbd47fc00a2c39e90264f33305004495a9","hash":"c227fd2348424add4dbd16d0d696e5bacaa7e928"}
,"C:\\Users\\guiss\\Documents\\Projects\\ClimaApp\\components\\molecules\\WeatherActual.tsx": {"path":"C:\\Users\\guiss\\Documents\\Projects\\ClimaApp\\components\\molecules\\WeatherActual.tsx","statementMap":{"0":{"start":{"line":17,"column":46},"end":{"line":58,"column":1}},"1":{"start":{"line":27,"column":2},"end":{"line":57,"column":4}}},"fnMap":{"0":{"name":"(anonymous_0)","decl":{"start":{"line":17,"column":46},"end":{"line":17,"column":47}},"loc":{"start":{"line":26,"column":6},"end":{"line":58,"column":1}},"line":26}},"branchMap":{"0":{"loc":{"start":{"line":38,"column":33},"end":{"line":38,"column":43}},"type":"binary-expr","locations":[{"start":{"line":38,"column":33},"end":{"line":38,"column":37}},{"start":{"line":38,"column":41},"end":{"line":38,"column":43}}],"line":38}},"s":{"0":1,"1":3},"f":{"0":3},"b":{"0":[3,1]},"_coverageSchema":"1a1c01bbd47fc00a2c39e90264f33305004495a9","hash":"44c47e6fda9972f4954b7182e481859895af9a79"}
,"C:\\Users\\guiss\\Documents\\Projects\\ClimaApp\\lib\\service.tsx": {"path":"C:\\Users\\guiss\\Documents\\Projects\\ClimaApp\\lib\\service.tsx","statementMap":{"0":{"start":{"line":5,"column":16},"end":{"line":5,"column":55}},"1":{"start":{"line":7,"column":17},"end":{"line":7,"column":48}},"2":{"start":{"line":9,"column":0},"end":{"line":11,"column":1}},"3":{"start":{"line":10,"column":2},"end":{"line":10,"column":80}},"4":{"start":{"line":13,"column":33},"end":{"line":27,"column":1}},"5":{"start":{"line":14,"column":2},"end":{"line":26,"column":3}},"6":{"start":{"line":15,"column":21},"end":{"line":21,"column":6}},"7":{"start":{"line":23,"column":4},"end":{"line":23,"column":25}},"8":{"start":{"line":25,"column":4},"end":{"line":25,"column":59}},"9":{"start":{"line":29,"column":34},"end":{"line":44,"column":1}},"10":{"start":{"line":30,"column":2},"end":{"line":43,"column":3}},"11":{"start":{"line":31,"column":21},"end":{"line":39,"column":6}},"12":{"start":{"line":40,"column":4},"end":{"line":40,"column":34}},"13":{"start":{"line":42,"column":4},"end":{"line":42,"column":60}},"14":{"start":{"line":46,"column":42},"end":{"line":60,"column":1}},"15":{"start":{"line":49,"column":2},"end":{"line":59,"column":3}},"16":{"start":{"line":50,"column":21},"end":{"line":55,"column":6}},"17":{"start":{"line":56,"column":4},"end":{"line":56,"column":25}},"18":{"start":{"line":58,"column":4},"end":{"line":58,"column":63}}},"fnMap":{"0":{"name":"(anonymous_0)","decl":{"start":{"line":13,"column":33},"end":{"line":13,"column":34}},"loc":{"start":{"line":13,"column":75},"end":{"line":27,"column":1}},"line":13},"1":{"name":"(anonymous_1)","decl":{"start":{"line":29,"column":34},"end":{"line":29,"column":35}},"loc":{"start":{"line":29,"column":77},"end":{"line":44,"column":1}},"line":29},"2":{"name":"(anonymous_2)","decl":{"start":{"line":46,"column":42},"end":{"line":46,"column":43}},"loc":{"start":{"line":48,"column":23},"end":{"line":60,"column":1}},"line":48}},"branchMap":{"0":{"loc":{"start":{"line":9,"column":0},"end":{"line":11,"column":1}},"type":"if","locations":[{"start":{"line":9,"column":0},"end":{"line":11,"column":1}},{"start":{},"end":{}}],"line":9}},"s":{"0":1,"1":1,"2":1,"3":1,"4":1,"5":2,"6":2,"7":1,"8":1,"9":1,"10":2,"11":2,"12":1,"13":1,"14":1,"15":2,"16":2,"17":1,"18":1},"f":{"0":2,"1":2,"2":2},"b":{"0":[1,0]},"_coverageSchema":"1a1c01bbd47fc00a2c39e90264f33305004495a9","hash":"036835b7a770cd2a10c4e5882753361911161fa7"}
,"C:\\Users\\guiss\\Documents\\Projects\\ClimaApp\\screens\\ScreensLayout.tsx": {"path":"C:\\Users\\guiss\\Documents\\Projects\\ClimaApp\\screens\\ScreensLayout.tsx","statementMap":{"0":{"start":{"line":10,"column":40},"end":{"line":19,"column":1}},"1":{"start":{"line":11,"column":2},"end":{"line":18,"column":4}}},"fnMap":{"0":{"name":"(anonymous_0)","decl":{"start":{"line":10,"column":40},"end":{"line":10,"column":41}},"loc":{"start":{"line":10,"column":58},"end":{"line":19,"column":1}},"line":10}},"branchMap":{},"s":{"0":2,"1":6},"f":{"0":6},"b":{},"_coverageSchema":"1a1c01bbd47fc00a2c39e90264f33305004495a9","hash":"30307ada7fcc1aba239f768ea165194d4cbcc245"}
,"C:\\Users\\guiss\\Documents\\Projects\\ClimaApp\\theme\\index.ts": {"path":"C:\\Users\\guiss\\Documents\\Projects\\ClimaApp\\theme\\index.ts","statementMap":{"0":{"start":{"line":1,"column":21},"end":{"line":3,"column":1}},"1":{"start":{"line":2,"column":32},"end":{"line":2,"column":65}}},"fnMap":{"0":{"name":"(anonymous_0)","decl":{"start":{"line":2,"column":11},"end":{"line":2,"column":12}},"loc":{"start":{"line":2,"column":32},"end":{"line":2,"column":65}},"line":2}},"branchMap":{},"s":{"0":2,"1":7},"f":{"0":7},"b":{},"_coverageSchema":"1a1c01bbd47fc00a2c39e90264f33305004495a9","hash":"a67049e367d544ee8e497757d3b74f6d3354f8ae"}
,"C:\\Users\\guiss\\Documents\\Projects\\ClimaApp\\types\\types.ts": {"path":"C:\\Users\\guiss\\Documents\\Projects\\ClimaApp\\types\\types.ts","statementMap":{},"fnMap":{},"branchMap":{},"s":{},"f":{},"b":{}}
,"C:\\Users\\guiss\\Documents\\Projects\\ClimaApp\\utils\\utils.ts": {"path":"C:\\Users\\guiss\\Documents\\Projects\\ClimaApp\\utils\\utils.ts","statementMap":{"0":{"start":{"line":1,"column":30},"end":{"line":26,"column":1}},"1":{"start":{"line":2,"column":25},"end":{"line":2,"column":48}},"2":{"start":{"line":4,"column":2},"end":{"line":25,"column":3}},"3":{"start":{"line":6,"column":6},"end":{"line":6,"column":49}},"4":{"start":{"line":8,"column":6},"end":{"line":8,"column":55}},"5":{"start":{"line":10,"column":6},"end":{"line":10,"column":55}},"6":{"start":{"line":12,"column":6},"end":{"line":12,"column":51}},"7":{"start":{"line":14,"column":6},"end":{"line":14,"column":58}},"8":{"start":{"line":16,"column":6},"end":{"line":16,"column":50}},"9":{"start":{"line":18,"column":6},"end":{"line":18,"column":58}},"10":{"start":{"line":20,"column":6},"end":{"line":20,"column":51}},"11":{"start":{"line":22,"column":6},"end":{"line":22,"column":58}},"12":{"start":{"line":24,"column":6},"end":{"line":24,"column":49}},"13":{"start":{"line":28,"column":26},"end":{"line":31,"column":1}},"14":{"start":{"line":29,"column":15},"end":{"line":29,"column":35}},"15":{"start":{"line":30,"column":2},"end":{"line":30,"column":63}}},"fnMap":{"0":{"name":"(anonymous_0)","decl":{"start":{"line":1,"column":30},"end":{"line":1,"column":31}},"loc":{"start":{"line":1,"column":53},"end":{"line":26,"column":1}},"line":1},"1":{"name":"(anonymous_1)","decl":{"start":{"line":28,"column":26},"end":{"line":28,"column":27}},"loc":{"start":{"line":28,"column":58},"end":{"line":31,"column":1}},"line":28}},"branchMap":{"0":{"loc":{"start":{"line":4,"column":2},"end":{"line":25,"column":3}},"type":"switch","locations":[{"start":{"line":5,"column":4},"end":{"line":6,"column":49}},{"start":{"line":7,"column":4},"end":{"line":8,"column":55}},{"start":{"line":9,"column":4},"end":{"line":10,"column":55}},{"start":{"line":11,"column":4},"end":{"line":12,"column":51}},{"start":{"line":13,"column":4},"end":{"line":14,"column":58}},{"start":{"line":15,"column":4},"end":{"line":16,"column":50}},{"start":{"line":17,"column":4},"end":{"line":18,"column":58}},{"start":{"line":19,"column":4},"end":{"line":20,"column":51}},{"start":{"line":21,"column":4},"end":{"line":22,"column":58}},{"start":{"line":23,"column":4},"end":{"line":24,"column":49}}],"line":4}},"s":{"0":3,"1":17,"2":17,"3":5,"4":1,"5":1,"6":3,"7":1,"8":1,"9":1,"10":1,"11":1,"12":2,"13":3,"14":6,"15":6},"f":{"0":17,"1":6},"b":{"0":[5,1,1,3,1,1,1,1,1,2]},"_coverageSchema":"1a1c01bbd47fc00a2c39e90264f33305004495a9","hash":"174350167bafe91f2c500c2f9956cd0afc504a4d"}
}
