TN:
SF:App.tsx
FN:4,(anonymous_0)
FN:8,HomeScreen
FNF:2
FNH:2
FNDA:1,(anonymous_0)
FNDA:1,HomeScreen
DA:4,1
DA:5,1
DA:9,1
DA:16,1
LF:4
LH:4
BRF:0
BRH:0
end_of_record
TN:
SF:index.ts
FNF:0
FNH:0
DA:8,0
LF:1
LH:0
BRF:0
BRH:0
end_of_record
TN:
SF:nativewind-env.d.ts
FNF:0
FNH:0
LF:0
LH:0
BRF:0
BRH:0
end_of_record
TN:
SF:app\_layout.tsx
FN:4,Layout
FNF:1
FNH:0
FNDA:0,Layout
DA:5,0
LF:1
LH:0
BRF:0
BRH:0
end_of_record
TN:
SF:app\index.tsx
FN:23,Page
FN:31,(anonymous_1)
FN:35,(anonymous_2)
FN:36,getCurrentLocation
FN:49,(anonymous_4)
FN:58,(anonymous_5)
FN:66,(anonymous_6)
FN:76,(anonymous_7)
FN:87,(anonymous_8)
FN:91,(anonymous_9)
FNF:10
FNH:7
FNDA:9,Page
FNDA:2,(anonymous_1)
FNDA:2,(anonymous_2)
FNDA:2,getCurrentLocation
FNDA:0,(anonymous_4)
FNDA:0,(anonymous_5)
FNDA:2,(anonymous_6)
FNDA:4,(anonymous_7)
FNDA:2,(anonymous_8)
FNDA:0,(anonymous_9)
DA:24,9
DA:25,8
DA:26,8
DA:27,8
DA:28,4
DA:29,4
DA:31,4
DA:32,2
DA:35,4
DA:37,2
DA:38,2
DA:39,0
DA:40,0
DA:42,2
DA:43,2
DA:44,2
DA:46,2
DA:49,4
DA:50,0
DA:51,0
DA:52,0
DA:53,0
DA:56,0
DA:57,0
DA:58,0
DA:59,0
DA:61,0
DA:62,0
DA:66,4
DA:67,2
DA:68,2
DA:70,2
DA:71,2
DA:72,2
DA:73,2
DA:74,2
DA:76,2
DA:77,4
DA:78,0
DA:81,0
DA:85,4
DA:87,4
DA:88,2
DA:89,2
DA:91,0
DA:100,4
LF:46
LH:31
BRDA:38,0,0,0
BRDA:38,0,1,2
BRDA:51,1,0,0
BRDA:51,1,1,0
BRDA:88,2,0,2
BRDA:88,2,1,0
BRDA:117,3,0,4
BRDA:117,3,1,0
BRF:8
BRH:3
end_of_record
TN:
SF:components\atoms\Icons.tsx
FN:10,(anonymous_0)
FNF:1
FNH:1
FNDA:2,(anonymous_0)
DA:10,1
DA:11,2
LF:2
LH:2
BRF:0
BRH:0
end_of_record
TN:
SF:components\atoms\InfoIcons.tsx
FN:9,(anonymous_0)
FN:10,(anonymous_1)
FNF:2
FNH:2
FNDA:14,(anonymous_0)
FNDA:14,(anonymous_1)
DA:9,2
DA:10,14
DA:11,14
DA:13,5
DA:15,4
DA:17,4
DA:19,1
DA:23,14
LF:8
LH:8
BRDA:11,0,0,5
BRDA:11,0,1,4
BRDA:11,0,2,4
BRDA:11,0,3,1
BRF:4
BRH:4
end_of_record
TN:
SF:components\atoms\SearchBar.tsx
FN:9,(anonymous_0)
FNF:1
FNH:1
FNDA:3,(anonymous_0)
DA:9,1
DA:10,3
LF:2
LH:2
BRF:0
BRH:0
end_of_record
TN:
SF:components\atoms\Suggestions.tsx
FN:15,(anonymous_0)
FN:20,(anonymous_1)
FN:21,(anonymous_2)
FN:23,(anonymous_3)
FNF:4
FNH:4
FNDA:3,(anonymous_0)
FNDA:8,(anonymous_1)
FNDA:6,(anonymous_2)
FNDA:1,(anonymous_3)
DA:15,1
DA:16,3
DA:20,8
DA:22,6
DA:23,1
DA:34,1
LF:6
LH:6
BRF:0
BRH:0
end_of_record
TN:
SF:components\molecules\Forecast.tsx
FN:11,(anonymous_0)
FN:23,(anonymous_1)
FNF:2
FNH:2
FNDA:2,(anonymous_0)
FNDA:4,(anonymous_1)
DA:11,1
DA:12,2
DA:24,4
LF:3
LH:3
BRF:0
BRH:0
end_of_record
TN:
SF:components\molecules\WeatherActual.tsx
FN:17,(anonymous_0)
FNF:1
FNH:1
FNDA:3,(anonymous_0)
DA:17,1
DA:27,3
LF:2
LH:2
BRDA:38,0,0,3
BRDA:38,0,1,1
BRF:2
BRH:2
end_of_record
TN:
SF:lib\service.tsx
FN:13,(anonymous_0)
FN:29,(anonymous_1)
FN:46,(anonymous_2)
FNF:3
FNH:3
FNDA:2,(anonymous_0)
FNDA:2,(anonymous_1)
FNDA:2,(anonymous_2)
DA:5,1
DA:7,1
DA:9,1
DA:10,1
DA:13,1
DA:14,2
DA:15,2
DA:23,1
DA:25,1
DA:29,1
DA:30,2
DA:31,2
DA:40,1
DA:42,1
DA:46,1
DA:49,2
DA:50,2
DA:56,1
DA:58,1
LF:19
LH:19
BRDA:9,0,0,1
BRDA:9,0,1,0
BRF:2
BRH:1
end_of_record
TN:
SF:screens\ScreensLayout.tsx
FN:10,(anonymous_0)
FNF:1
FNH:1
FNDA:6,(anonymous_0)
DA:10,2
DA:11,6
LF:2
LH:2
BRF:0
BRH:0
end_of_record
TN:
SF:theme\index.ts
FN:2,(anonymous_0)
FNF:1
FNH:1
FNDA:7,(anonymous_0)
DA:1,2
DA:2,7
LF:2
LH:2
BRF:0
BRH:0
end_of_record
TN:
SF:types\types.ts
FNF:0
FNH:0
LF:0
LH:0
BRF:0
BRH:0
end_of_record
TN:
SF:utils\utils.ts
FN:1,(anonymous_0)
FN:28,(anonymous_1)
FNF:2
FNH:2
FNDA:17,(anonymous_0)
FNDA:6,(anonymous_1)
DA:1,3
DA:2,17
DA:4,17
DA:6,5
DA:8,1
DA:10,1
DA:12,3
DA:14,1
DA:16,1
DA:18,1
DA:20,1
DA:22,1
DA:24,2
DA:28,3
DA:29,6
DA:30,6
LF:16
LH:16
BRDA:4,0,0,5
BRDA:4,0,1,1
BRDA:4,0,2,1
BRDA:4,0,3,3
BRDA:4,0,4,1
BRDA:4,0,5,1
BRDA:4,0,6,1
BRDA:4,0,7,1
BRDA:4,0,8,1
BRDA:4,0,9,2
BRF:10
BRH:10
end_of_record
